<?xml version="1.0" encoding="UTF-8"?>
<!-- Generated by org.testng.reporters.JUnitXMLReporter -->
<testsuite ignored="3" hostname="Praveena" failures="0" tests="1" name="Default test" time="5.567" errors="0" timestamp="2026-02-04T01:17:22 IST">
  <testcase classname="testScript.LoginTest" name="verifyUserLoginWithValidUsernameAndInvalidPassword" time="2.246"/>
  <testcase classname="testScript.LoginTest" name="verifyUserLoginWithInvalidUsernameAndValidPassword" time="0.0">
    <ignored/>
  </testcase> <!-- verifyUserLoginWithInvalidUsernameAndValidPassword -->
  <testcase classname="testScript.LoginTest" name="verifyUserLoginWithInvalidUsernameAndInvalidPassword" time="0.0">
    <ignored/>
  </testcase> <!-- verifyUserLoginWithInvalidUsernameAndInvalidPassword -->
  <testcase classname="testScript.LoginTest" name="verifyUserLoginWithValidUsernameAndValidPassword" time="0.0">
    <ignored/>
  </testcase> <!-- verifyUserLoginWithValidUsernameAndValidPassword -->
</testsuite> <!-- Default test -->
