<?xml version="1.0" encoding="UTF-8"?>
<testng-results ignored="0" total="5" passed="5" failed="0" skipped="0">
  <reporter-output>
  </reporter-output>
  <suite started-at="2026-02-17T14:04:08 IST" name="Suite" finished-at="2026-02-17T14:04:25 IST" duration-ms="17310">
    <groups>
      <group name="smoke">
        <method signature="LoginTest.verifyUserLoginWithInvalidUsernameAndInvalidPassword(java.lang.String,java.lang.String)[pri:1, instance:testScript.LoginTest@37313c65]" name="verifyUserLoginWithInvalidUsernameAndInvalidPassword" class="testScript.LoginTest"/>
        <method signature="LoginTest.verifyUserLoginWithValidUsernameAndValidPassword()[pri:4, instance:testScript.LoginTest@37313c65]" name="verifyUserLoginWithValidUsernameAndValidPassword" class="testScript.LoginTest"/>
      </group> <!-- smoke -->
    </groups>
    <test started-at="2026-02-17T14:04:08 IST" name="Test" finished-at="2026-02-17T14:04:25 IST" duration-ms="17310">
      <class name="testScript.LoginTest">
        <test-method is-config="true" signature="intializeBrowser(java.lang.String)[pri:0, instance:testScript.LoginTest@37313c65]" started-at="2026-02-17T14:04:08 IST" name="intializeBrowser" finished-at="2026-02-17T14:04:11 IST" duration-ms="2868" status="PASS">
          <params>
            <param index="0">
              <value>
                <![CDATA[chrome]]>
              </value>
            </param>
          </params>
          <reporter-output>
          </reporter-output>
        </test-method> <!-- intializeBrowser -->
        <test-method signature="verifyUserLoginWithInvalidUsernameAndInvalidPassword(java.lang.String,java.lang.String)[pri:1, instance:testScript.LoginTest@37313c65]" started-at="2026-02-17T14:04:11 IST" name="verifyUserLoginWithInvalidUsernameAndInvalidPassword" description="Validating UserLogin with invalid Cridential" data-provider="loginProvider" finished-at="2026-02-17T14:04:11 IST" duration-ms="414" status="PASS">
          <params>
            <param index="0">
              <value>
                <![CDATA[admin]]>
              </value>
            </param>
            <param index="1">
              <value>
                <![CDATA[admin22]]>
              </value>
            </param>
          </params>
          <reporter-output>
          </reporter-output>
        </test-method> <!-- verifyUserLoginWithInvalidUsernameAndInvalidPassword -->
        <test-method is-config="true" signature="driverQuit(org.testng.ITestResult)[pri:0, instance:testScript.LoginTest@37313c65]" started-at="2026-02-17T14:04:11 IST" name="driverQuit" finished-at="2026-02-17T14:04:11 IST" duration-ms="1" status="PASS">
          <params>
            <param index="0">
              <value>
                <![CDATA[[TestResult name=verifyUserLoginWithInvalidUsernameAndInvalidPassword status=SUCCESS method=LoginTest.verifyUserLoginWithInvalidUsernameAndInvalidPassword(java.lang.String,java.lang.String)[pri:1, instance:testScript.LoginTest@37313c65] output={null}]]]>
              </value>
            </param>
          </params>
          <reporter-output>
          </reporter-output>
        </test-method> <!-- driverQuit -->
        <test-method is-config="true" signature="intializeBrowser(java.lang.String)[pri:0, instance:testScript.LoginTest@37313c65]" started-at="2026-02-17T14:04:11 IST" name="intializeBrowser" finished-at="2026-02-17T14:04:13 IST" duration-ms="2288" status="PASS">
          <params>
            <param index="0">
              <value>
                <![CDATA[chrome]]>
              </value>
            </param>
          </params>
          <reporter-output>
          </reporter-output>
        </test-method> <!-- intializeBrowser -->
        <test-method signature="verifyUserLoginWithInvalidUsernameAndInvalidPassword(java.lang.String,java.lang.String)[pri:1, instance:testScript.LoginTest@37313c65]" started-at="2026-02-17T14:04:13 IST" name="verifyUserLoginWithInvalidUsernameAndInvalidPassword" description="Validating UserLogin with invalid Cridential" data-provider="loginProvider" finished-at="2026-02-17T14:04:14 IST" duration-ms="428" status="PASS">
          <params>
            <param index="0">
              <value>
                <![CDATA[admin123]]>
              </value>
            </param>
            <param index="1">
              <value>
                <![CDATA[123]]>
              </value>
            </param>
          </params>
          <reporter-output>
          </reporter-output>
        </test-method> <!-- verifyUserLoginWithInvalidUsernameAndInvalidPassword -->
        <test-method is-config="true" signature="driverQuit(org.testng.ITestResult)[pri:0, instance:testScript.LoginTest@37313c65]" started-at="2026-02-17T14:04:14 IST" name="driverQuit" finished-at="2026-02-17T14:04:14 IST" duration-ms="1" status="PASS">
          <params>
            <param index="0">
              <value>
                <![CDATA[[TestResult name=verifyUserLoginWithInvalidUsernameAndInvalidPassword status=SUCCESS method=LoginTest.verifyUserLoginWithInvalidUsernameAndInvalidPassword(java.lang.String,java.lang.String)[pri:1, instance:testScript.LoginTest@37313c65] output={null}]]]>
              </value>
            </param>
          </params>
          <reporter-output>
          </reporter-output>
        </test-method> <!-- driverQuit -->
        <test-method is-config="true" signature="intializeBrowser(java.lang.String)[pri:0, instance:testScript.LoginTest@37313c65]" started-at="2026-02-17T14:04:14 IST" name="intializeBrowser" finished-at="2026-02-17T14:04:16 IST" duration-ms="2404" status="PASS">
          <params>
            <param index="0">
              <value>
                <![CDATA[chrome]]>
              </value>
            </param>
          </params>
          <reporter-output>
          </reporter-output>
        </test-method> <!-- intializeBrowser -->
        <test-method signature="verifyUserLoginWithInvalidUsernameAndValidPassword()[pri:2, instance:testScript.LoginTest@37313c65]" started-at="2026-02-17T14:04:16 IST" name="verifyUserLoginWithInvalidUsernameAndValidPassword" description="Validating UserLogin with invalid Username" finished-at="2026-02-17T14:04:18 IST" duration-ms="1303" status="PASS">
          <reporter-output>
          </reporter-output>
        </test-method> <!-- verifyUserLoginWithInvalidUsernameAndValidPassword -->
        <test-method is-config="true" signature="driverQuit(org.testng.ITestResult)[pri:0, instance:testScript.LoginTest@37313c65]" started-at="2026-02-17T14:04:18 IST" name="driverQuit" finished-at="2026-02-17T14:04:18 IST" duration-ms="0" status="PASS">
          <params>
            <param index="0">
              <value>
                <![CDATA[[TestResult name=verifyUserLoginWithInvalidUsernameAndValidPassword status=SUCCESS method=LoginTest.verifyUserLoginWithInvalidUsernameAndValidPassword()[pri:2, instance:testScript.LoginTest@37313c65] output={null}]]]>
              </value>
            </param>
          </params>
          <reporter-output>
          </reporter-output>
        </test-method> <!-- driverQuit -->
        <test-method is-config="true" signature="intializeBrowser(java.lang.String)[pri:0, instance:testScript.LoginTest@37313c65]" started-at="2026-02-17T14:04:18 IST" name="intializeBrowser" finished-at="2026-02-17T14:04:20 IST" duration-ms="2366" status="PASS">
          <params>
            <param index="0">
              <value>
                <![CDATA[chrome]]>
              </value>
            </param>
          </params>
          <reporter-output>
          </reporter-output>
        </test-method> <!-- intializeBrowser -->
        <test-method signature="verifyUserLoginWithValidUsernameAndInvalidPassword()[pri:3, instance:testScript.LoginTest@37313c65]" started-at="2026-02-17T14:04:20 IST" name="verifyUserLoginWithValidUsernameAndInvalidPassword" description="Validating UserLogin with invalid Password" finished-at="2026-02-17T14:04:20 IST" duration-ms="449" status="PASS">
          <reporter-output>
          </reporter-output>
        </test-method> <!-- verifyUserLoginWithValidUsernameAndInvalidPassword -->
        <test-method is-config="true" signature="driverQuit(org.testng.ITestResult)[pri:0, instance:testScript.LoginTest@37313c65]" started-at="2026-02-17T14:04:20 IST" name="driverQuit" finished-at="2026-02-17T14:04:20 IST" duration-ms="2" status="PASS">
          <params>
            <param index="0">
              <value>
                <![CDATA[[TestResult name=verifyUserLoginWithValidUsernameAndInvalidPassword status=SUCCESS method=LoginTest.verifyUserLoginWithValidUsernameAndInvalidPassword()[pri:3, instance:testScript.LoginTest@37313c65] output={null}]]]>
              </value>
            </param>
          </params>
          <reporter-output>
          </reporter-output>
        </test-method> <!-- driverQuit -->
        <test-method is-config="true" signature="intializeBrowser(java.lang.String)[pri:0, instance:testScript.LoginTest@37313c65]" started-at="2026-02-17T14:04:20 IST" name="intializeBrowser" finished-at="2026-02-17T14:04:24 IST" duration-ms="3427" status="PASS">
          <params>
            <param index="0">
              <value>
                <![CDATA[chrome]]>
              </value>
            </param>
          </params>
          <reporter-output>
          </reporter-output>
        </test-method> <!-- intializeBrowser -->
        <test-method signature="verifyUserLoginWithValidUsernameAndValidPassword()[pri:4, instance:testScript.LoginTest@37313c65]" started-at="2026-02-17T14:04:24 IST" name="verifyUserLoginWithValidUsernameAndValidPassword" description="Validating UserLogin with Valid Cridential" finished-at="2026-02-17T14:04:25 IST" duration-ms="1211" status="PASS">
          <reporter-output>
          </reporter-output>
        </test-method> <!-- verifyUserLoginWithValidUsernameAndValidPassword -->
        <test-method is-config="true" signature="driverQuit(org.testng.ITestResult)[pri:0, instance:testScript.LoginTest@37313c65]" started-at="2026-02-17T14:04:25 IST" name="driverQuit" finished-at="2026-02-17T14:04:25 IST" duration-ms="0" status="PASS">
          <params>
            <param index="0">
              <value>
                <![CDATA[[TestResult name=verifyUserLoginWithValidUsernameAndValidPassword status=SUCCESS method=LoginTest.verifyUserLoginWithValidUsernameAndValidPassword()[pri:4, instance:testScript.LoginTest@37313c65] output={null}]]]>
              </value>
            </param>
          </params>
          <reporter-output>
          </reporter-output>
        </test-method> <!-- driverQuit -->
      </class> <!-- testScript.LoginTest -->
    </test> <!-- Test -->
  </suite> <!-- Suite -->
</testng-results>
