<?xml version="1.0" encoding="UTF-8"?>
<testng-results ignored="0" total="1" passed="1" failed="0" skipped="0">
  <reporter-output>
  </reporter-output>
  <suite started-at="2026-02-17T14:14:08 IST" name="Suite" finished-at="2026-02-17T14:14:13 IST" duration-ms="4704">
    <groups>
      <group name="smoke">
        <method signature="LoginTest.verifyUserLoginWithValidUsernameAndValidPassword()[pri:4, instance:testScript.LoginTest@5d908d47]" name="verifyUserLoginWithValidUsernameAndValidPassword" class="testScript.LoginTest"/>
      </group> <!-- smoke -->
    </groups>
    <test started-at="2026-02-17T14:14:08 IST" name="Test" finished-at="2026-02-17T14:14:13 IST" duration-ms="4704">
      <class name="testScript.LoginTest">
        <test-method is-config="true" signature="intializeBrowser(java.lang.String)[pri:0, instance:testScript.LoginTest@5d908d47]" started-at="2026-02-17T14:14:08 IST" name="intializeBrowser" finished-at="2026-02-17T14:14:11 IST" duration-ms="2877" status="PASS">
          <params>
            <param index="0">
              <value>
                <![CDATA[chrome]]>
              </value>
            </param>
          </params>
          <reporter-output>
          </reporter-output>
        </test-method> <!-- intializeBrowser -->
        <test-method signature="verifyUserLoginWithValidUsernameAndValidPassword()[pri:4, instance:testScript.LoginTest@5d908d47]" started-at="2026-02-17T14:14:11 IST" name="verifyUserLoginWithValidUsernameAndValidPassword" description="Validating UserLogin with Valid Cridential" finished-at="2026-02-17T14:14:13 IST" duration-ms="1764" status="PASS">
          <reporter-output>
          </reporter-output>
        </test-method> <!-- verifyUserLoginWithValidUsernameAndValidPassword -->
        <test-method is-config="true" signature="driverQuit(org.testng.ITestResult)[pri:0, instance:testScript.LoginTest@5d908d47]" started-at="2026-02-17T14:14:13 IST" name="driverQuit" finished-at="2026-02-17T14:14:13 IST" duration-ms="2" status="PASS">
          <params>
            <param index="0">
              <value>
                <![CDATA[[TestResult name=verifyUserLoginWithValidUsernameAndValidPassword status=SUCCESS method=LoginTest.verifyUserLoginWithValidUsernameAndValidPassword()[pri:4, instance:testScript.LoginTest@5d908d47] output={null}]]]>
              </value>
            </param>
          </params>
          <reporter-output>
          </reporter-output>
        </test-method> <!-- driverQuit -->
      </class> <!-- testScript.LoginTest -->
    </test> <!-- Test -->
  </suite> <!-- Suite -->
</testng-results>
