<?xml version="1.0" encoding="UTF-8"?>
<testng-results ignored="0" total="2" passed="2" failed="0" skipped="0">
  <reporter-output>
  </reporter-output>
  <suite started-at="2026-02-11T15:14:56 IST" name="cross browser testing" finished-at="2026-02-11T15:15:05 IST" duration-ms="8928">
    <groups>
    </groups>
    <test started-at="2026-02-11T15:14:56 IST" name="ChromeTest" finished-at="2026-02-11T15:15:01 IST" duration-ms="5124">
      <class name="testScript.HomeTest">
        <test-method is-config="true" signature="intializeBrowser()[pri:0, instance:testScript.HomeTest@1aafa419]" started-at="2026-02-11T15:14:56 IST" name="intializeBrowser" finished-at="2026-02-11T15:14:59 IST" duration-ms="2852" status="PASS">
          <reporter-output>
          </reporter-output>
        </test-method> <!-- intializeBrowser -->
        <test-method signature="verifyUserIsAbleToSuccessfullyLogOut()[pri:0, instance:testScript.HomeTest@1aafa419]" started-at="2026-02-11T15:14:59 IST" name="verifyUserIsAbleToSuccessfullyLogOut" description="Validating Logout functionality from HomePage" finished-at="2026-02-11T15:15:01 IST" duration-ms="2215" status="PASS">
          <reporter-output>
          </reporter-output>
        </test-method> <!-- verifyUserIsAbleToSuccessfullyLogOut -->
        <test-method is-config="true" signature="driverQuit(org.testng.ITestResult)[pri:0, instance:testScript.HomeTest@1aafa419]" started-at="2026-02-11T15:15:01 IST" name="driverQuit" finished-at="2026-02-11T15:15:01 IST" duration-ms="4" status="PASS">
          <params>
            <param index="0">
              <value>
                <![CDATA[[TestResult name=verifyUserIsAbleToSuccessfullyLogOut status=SUCCESS method=HomeTest.verifyUserIsAbleToSuccessfullyLogOut()[pri:0, instance:testScript.HomeTest@1aafa419] output={null}]]]>
              </value>
            </param>
          </params>
          <reporter-output>
          </reporter-output>
        </test-method> <!-- driverQuit -->
      </class> <!-- testScript.HomeTest -->
    </test> <!-- ChromeTest -->
    <test started-at="2026-02-11T15:15:01 IST" name="FirefoxTest" finished-at="2026-02-11T15:15:05 IST" duration-ms="3761">
      <class name="testScript.HomeTest">
        <test-method is-config="true" signature="intializeBrowser()[pri:0, instance:testScript.HomeTest@1c1bbc4e]" started-at="2026-02-11T15:15:01 IST" name="intializeBrowser" finished-at="2026-02-11T15:15:04 IST" duration-ms="2765" status="PASS">
          <reporter-output>
          </reporter-output>
        </test-method> <!-- intializeBrowser -->
        <test-method signature="verifyUserIsAbleToSuccessfullyLogOut()[pri:0, instance:testScript.HomeTest@1c1bbc4e]" started-at="2026-02-11T15:15:04 IST" name="verifyUserIsAbleToSuccessfullyLogOut" description="Validating Logout functionality from HomePage" finished-at="2026-02-11T15:15:05 IST" duration-ms="990" status="PASS">
          <reporter-output>
          </reporter-output>
        </test-method> <!-- verifyUserIsAbleToSuccessfullyLogOut -->
        <test-method is-config="true" signature="driverQuit(org.testng.ITestResult)[pri:0, instance:testScript.HomeTest@1c1bbc4e]" started-at="2026-02-11T15:15:05 IST" name="driverQuit" finished-at="2026-02-11T15:15:05 IST" duration-ms="2" status="PASS">
          <params>
            <param index="0">
              <value>
                <![CDATA[[TestResult name=verifyUserIsAbleToSuccessfullyLogOut status=SUCCESS method=HomeTest.verifyUserIsAbleToSuccessfullyLogOut()[pri:0, instance:testScript.HomeTest@1c1bbc4e] output={null}]]]>
              </value>
            </param>
          </params>
          <reporter-output>
          </reporter-output>
        </test-method> <!-- driverQuit -->
      </class> <!-- testScript.HomeTest -->
    </test> <!-- FirefoxTest -->
  </suite> <!-- cross browser testing -->
</testng-results>
