<?xml version="1.0" encoding="UTF-8"?>
<testng-results ignored="0" total="1" passed="1" failed="0" skipped="0">
  <reporter-output>
  </reporter-output>
  <suite started-at="2026-02-04T11:20:24 IST" name="Default suite" finished-at="2026-02-04T11:20:31 IST" duration-ms="7482">
    <groups>
    </groups>
    <test started-at="2026-02-04T11:20:24 IST" name="Default test" finished-at="2026-02-04T11:20:31 IST" duration-ms="7482">
      <class name="testScript.LoginTest">
        <test-method is-config="true" signature="intializeBrowser()[pri:0, instance:testScript.LoginTest@2a4fb17b]" started-at="2026-02-04T11:20:24 IST" name="intializeBrowser" finished-at="2026-02-04T11:20:28 IST" duration-ms="4156" status="PASS">
          <reporter-output>
          </reporter-output>
        </test-method> <!-- intializeBrowser -->
        <test-method signature="verifyUserLoginWithValidUsernameAndValidPassword()[pri:0, instance:testScript.LoginTest@2a4fb17b]" started-at="2026-02-04T11:20:28 IST" name="verifyUserLoginWithValidUsernameAndValidPassword" finished-at="2026-02-04T11:20:31 IST" duration-ms="3281" status="PASS">
          <reporter-output>
          </reporter-output>
        </test-method> <!-- verifyUserLoginWithValidUsernameAndValidPassword -->
      </class> <!-- testScript.LoginTest -->
    </test> <!-- Default test -->
  </suite> <!-- Default suite -->
</testng-results>
