<?xml version="1.0" encoding="UTF-8"?>
<testng-results ignored="0" total="1" passed="1" failed="0" skipped="0">
  <reporter-output>
  </reporter-output>
  <suite started-at="2026-02-04T23:54:24 IST" name="Default suite" finished-at="2026-02-04T23:54:32 IST" duration-ms="8600">
    <groups>
    </groups>
    <test started-at="2026-02-04T23:54:24 IST" name="Default test" finished-at="2026-02-04T23:54:32 IST" duration-ms="8600">
      <class name="testScript.ManageNewsTest">
        <test-method is-config="true" signature="intializeBrowser()[pri:0, instance:testScript.ManageNewsTest@4562e04d]" started-at="2026-02-04T23:54:24 IST" name="intializeBrowser" finished-at="2026-02-04T23:54:28 IST" duration-ms="4016" status="PASS">
          <reporter-output>
          </reporter-output>
        </test-method> <!-- intializeBrowser -->
        <test-method signature="verifyUserIsAbleToSearchNews()[pri:0, instance:testScript.ManageNewsTest@4562e04d]" started-at="2026-02-04T23:54:28 IST" name="verifyUserIsAbleToSearchNews" description="Validating Search Button from Manage News" finished-at="2026-02-04T23:54:32 IST" duration-ms="4535" status="PASS">
          <reporter-output>
          </reporter-output>
        </test-method> <!-- verifyUserIsAbleToSearchNews -->
      </class> <!-- testScript.ManageNewsTest -->
    </test> <!-- Default test -->
  </suite> <!-- Default suite -->
</testng-results>
