<?xml version="1.0" encoding="UTF-8"?>
<testng-results ignored="0" total="4" passed="4" failed="0" skipped="0">
  <reporter-output>
  </reporter-output>
  <suite started-at="2026-02-09T18:28:13 IST" name="Suite" finished-at="2026-02-09T18:28:30 IST" duration-ms="16257">
    <groups>
    </groups>
    <test started-at="2026-02-09T18:28:13 IST" name="Test" finished-at="2026-02-09T18:28:30 IST" duration-ms="16257">
      <class name="testScript.LoginTest">
        <test-method is-config="true" signature="intializeBrowser()[pri:0, instance:testScript.LoginTest@4dc27487]" started-at="2026-02-09T18:28:14 IST" name="intializeBrowser" finished-at="2026-02-09T18:28:19 IST" duration-ms="5627" status="PASS">
          <reporter-output>
          </reporter-output>
        </test-method> <!-- intializeBrowser -->
        <test-method signature="verifyUserLoginWithInvalidUsernameAndInvalidPassword()[pri:1, instance:testScript.LoginTest@4dc27487]" started-at="2026-02-09T18:28:19 IST" name="verifyUserLoginWithInvalidUsernameAndInvalidPassword" description="Validating UserLogin with Valid Cridential" finished-at="2026-02-09T18:28:21 IST" duration-ms="1709" status="PASS">
          <reporter-output>
          </reporter-output>
        </test-method> <!-- verifyUserLoginWithInvalidUsernameAndInvalidPassword -->
        <test-method is-config="true" signature="driverQuit(org.testng.ITestResult)[pri:0, instance:testScript.LoginTest@4dc27487]" started-at="2026-02-09T18:28:21 IST" name="driverQuit" finished-at="2026-02-09T18:28:21 IST" duration-ms="0" status="PASS">
          <params>
            <param index="0">
              <value>
                <![CDATA[[TestResult name=verifyUserLoginWithInvalidUsernameAndInvalidPassword status=SUCCESS method=LoginTest.verifyUserLoginWithInvalidUsernameAndInvalidPassword()[pri:1, instance:testScript.LoginTest@4dc27487] output={null}]]]>
              </value>
            </param>
          </params>
          <reporter-output>
          </reporter-output>
        </test-method> <!-- driverQuit -->
        <test-method is-config="true" signature="intializeBrowser()[pri:0, instance:testScript.LoginTest@4dc27487]" started-at="2026-02-09T18:28:21 IST" name="intializeBrowser" finished-at="2026-02-09T18:28:23 IST" duration-ms="2545" status="PASS">
          <reporter-output>
          </reporter-output>
        </test-method> <!-- intializeBrowser -->
        <test-method signature="verifyUserLoginWithInvalidUsernameAndValidPassword()[pri:2, instance:testScript.LoginTest@4dc27487]" started-at="2026-02-09T18:28:23 IST" name="verifyUserLoginWithInvalidUsernameAndValidPassword" description="Validating UserLogin with Valid Cridential" finished-at="2026-02-09T18:28:24 IST" duration-ms="311" status="PASS">
          <reporter-output>
          </reporter-output>
        </test-method> <!-- verifyUserLoginWithInvalidUsernameAndValidPassword -->
        <test-method is-config="true" signature="driverQuit(org.testng.ITestResult)[pri:0, instance:testScript.LoginTest@4dc27487]" started-at="2026-02-09T18:28:24 IST" name="driverQuit" finished-at="2026-02-09T18:28:24 IST" duration-ms="0" status="PASS">
          <params>
            <param index="0">
              <value>
                <![CDATA[[TestResult name=verifyUserLoginWithInvalidUsernameAndValidPassword status=SUCCESS method=LoginTest.verifyUserLoginWithInvalidUsernameAndValidPassword()[pri:2, instance:testScript.LoginTest@4dc27487] output={null}]]]>
              </value>
            </param>
          </params>
          <reporter-output>
          </reporter-output>
        </test-method> <!-- driverQuit -->
        <test-method is-config="true" signature="intializeBrowser()[pri:0, instance:testScript.LoginTest@4dc27487]" started-at="2026-02-09T18:28:24 IST" name="intializeBrowser" finished-at="2026-02-09T18:28:26 IST" duration-ms="2270" status="PASS">
          <reporter-output>
          </reporter-output>
        </test-method> <!-- intializeBrowser -->
        <test-method signature="verifyUserLoginWithValidUsernameAndInvalidPassword()[pri:3, instance:testScript.LoginTest@4dc27487]" started-at="2026-02-09T18:28:26 IST" name="verifyUserLoginWithValidUsernameAndInvalidPassword" description="Validating UserLogin with Valid Cridential" finished-at="2026-02-09T18:28:26 IST" duration-ms="365" status="PASS">
          <reporter-output>
          </reporter-output>
        </test-method> <!-- verifyUserLoginWithValidUsernameAndInvalidPassword -->
        <test-method is-config="true" signature="driverQuit(org.testng.ITestResult)[pri:0, instance:testScript.LoginTest@4dc27487]" started-at="2026-02-09T18:28:26 IST" name="driverQuit" finished-at="2026-02-09T18:28:26 IST" duration-ms="0" status="PASS">
          <params>
            <param index="0">
              <value>
                <![CDATA[[TestResult name=verifyUserLoginWithValidUsernameAndInvalidPassword status=SUCCESS method=LoginTest.verifyUserLoginWithValidUsernameAndInvalidPassword()[pri:3, instance:testScript.LoginTest@4dc27487] output={null}]]]>
              </value>
            </param>
          </params>
          <reporter-output>
          </reporter-output>
        </test-method> <!-- driverQuit -->
        <test-method is-config="true" signature="intializeBrowser()[pri:0, instance:testScript.LoginTest@4dc27487]" started-at="2026-02-09T18:28:26 IST" name="intializeBrowser" finished-at="2026-02-09T18:28:29 IST" duration-ms="2779" status="PASS">
          <reporter-output>
          </reporter-output>
        </test-method> <!-- intializeBrowser -->
        <test-method signature="verifyUserLoginWithValidUsernameAndValidPassword()[pri:4, instance:testScript.LoginTest@4dc27487]" started-at="2026-02-09T18:28:29 IST" name="verifyUserLoginWithValidUsernameAndValidPassword" description="Validating UserLogin with Valid Cridential" finished-at="2026-02-09T18:28:30 IST" duration-ms="566" status="PASS">
          <reporter-output>
          </reporter-output>
        </test-method> <!-- verifyUserLoginWithValidUsernameAndValidPassword -->
        <test-method is-config="true" signature="driverQuit(org.testng.ITestResult)[pri:0, instance:testScript.LoginTest@4dc27487]" started-at="2026-02-09T18:28:30 IST" name="driverQuit" finished-at="2026-02-09T18:28:30 IST" duration-ms="0" status="PASS">
          <params>
            <param index="0">
              <value>
                <![CDATA[[TestResult name=verifyUserLoginWithValidUsernameAndValidPassword status=SUCCESS method=LoginTest.verifyUserLoginWithValidUsernameAndValidPassword()[pri:4, instance:testScript.LoginTest@4dc27487] output={null}]]]>
              </value>
            </param>
          </params>
          <reporter-output>
          </reporter-output>
        </test-method> <!-- driverQuit -->
      </class> <!-- testScript.LoginTest -->
    </test> <!-- Test -->
  </suite> <!-- Suite -->
</testng-results>
