<?xml version="1.0" encoding="UTF-8"?>
<testng-results ignored="0" total="1" passed="1" failed="0" skipped="0">
  <reporter-output>
  </reporter-output>
  <suite started-at="2026-02-06T10:59:17 IST" name="Default suite" finished-at="2026-02-06T10:59:25 IST" duration-ms="8836">
    <groups>
    </groups>
    <test started-at="2026-02-06T10:59:17 IST" name="Default test" finished-at="2026-02-06T10:59:25 IST" duration-ms="8836">
      <class name="testScript.AdminUsersTest">
        <test-method is-config="true" signature="intializeBrowser()[pri:0, instance:testScript.AdminUsersTest@31304f14]" started-at="2026-02-06T10:59:17 IST" name="intializeBrowser" finished-at="2026-02-06T10:59:21 IST" duration-ms="4615" status="PASS">
          <reporter-output>
          </reporter-output>
        </test-method> <!-- intializeBrowser -->
        <test-method signature="verifyUserIsAbleToSearchUsers()[pri:0, instance:testScript.AdminUsersTest@31304f14]" started-at="2026-02-06T10:59:21 IST" name="verifyUserIsAbleToSearchUsers" description="Validating Search Button from AdminUser Page" finished-at="2026-02-06T10:59:25 IST" duration-ms="4166" status="PASS">
          <reporter-output>
          </reporter-output>
        </test-method> <!-- verifyUserIsAbleToSearchUsers -->
        <test-method is-config="true" signature="driverQuit(org.testng.ITestResult)[pri:0, instance:testScript.AdminUsersTest@31304f14]" started-at="2026-02-06T10:59:25 IST" name="driverQuit" finished-at="2026-02-06T10:59:25 IST" duration-ms="4" status="PASS">
          <params>
            <param index="0">
              <value>
                <![CDATA[[TestResult name=verifyUserIsAbleToSearchUsers status=SUCCESS method=AdminUsersTest.verifyUserIsAbleToSearchUsers()[pri:0, instance:testScript.AdminUsersTest@31304f14] output={null}]]]>
              </value>
            </param>
          </params>
          <reporter-output>
          </reporter-output>
        </test-method> <!-- driverQuit -->
      </class> <!-- testScript.AdminUsersTest -->
    </test> <!-- Default test -->
  </suite> <!-- Default suite -->
</testng-results>
