<?xml version="1.0" encoding="UTF-8"?>
<testng-results ignored="0" total="1" passed="1" failed="0" skipped="0">
  <reporter-output>
  </reporter-output>
  <suite started-at="2026-02-05T17:56:33 IST" name="Default suite" finished-at="2026-02-05T17:56:38 IST" duration-ms="5045">
    <groups>
    </groups>
    <test started-at="2026-02-05T17:56:33 IST" name="Default test" finished-at="2026-02-05T17:56:38 IST" duration-ms="5045">
      <class name="testScript.AdminUsersTest">
        <test-method is-config="true" signature="intializeBrowser()[pri:0, instance:testScript.AdminUsersTest@31304f14]" started-at="2026-02-05T17:56:33 IST" name="intializeBrowser" finished-at="2026-02-05T17:56:36 IST" duration-ms="2813" status="PASS">
          <reporter-output>
          </reporter-output>
        </test-method> <!-- intializeBrowser -->
        <test-method signature="verifyUserIsAbleToRefreshAdminUsersPage()[pri:0, instance:testScript.AdminUsersTest@31304f14]" started-at="2026-02-05T17:56:36 IST" name="verifyUserIsAbleToRefreshAdminUsersPage" description="Validating Refresh Button from Admin User" finished-at="2026-02-05T17:56:38 IST" duration-ms="2183" status="PASS">
          <reporter-output>
          </reporter-output>
        </test-method> <!-- verifyUserIsAbleToRefreshAdminUsersPage -->
        <test-method is-config="true" signature="driverQuit(org.testng.ITestResult)[pri:0, instance:testScript.AdminUsersTest@31304f14]" started-at="2026-02-05T17:56:38 IST" name="driverQuit" finished-at="2026-02-05T17:56:38 IST" duration-ms="5" status="PASS">
          <params>
            <param index="0">
              <value>
                <![CDATA[[TestResult name=verifyUserIsAbleToRefreshAdminUsersPage status=SUCCESS method=AdminUsersTest.verifyUserIsAbleToRefreshAdminUsersPage()[pri:0, instance:testScript.AdminUsersTest@31304f14] output={null}]]]>
              </value>
            </param>
          </params>
          <reporter-output>
          </reporter-output>
        </test-method> <!-- driverQuit -->
      </class> <!-- testScript.AdminUsersTest -->
    </test> <!-- Default test -->
  </suite> <!-- Default suite -->
</testng-results>
