<?xml version="1.0" encoding="UTF-8"?>
<testng-results ignored="0" total="1" passed="1" failed="0" skipped="0">
  <reporter-output>
  </reporter-output>
  <suite started-at="2026-02-06T13:31:49 IST" name="Default suite" finished-at="2026-02-06T13:31:55 IST" duration-ms="5316">
    <groups>
    </groups>
    <test started-at="2026-02-06T13:31:49 IST" name="Default test" finished-at="2026-02-06T13:31:55 IST" duration-ms="5316">
      <class name="testScript.ManageNewsTest">
        <test-method is-config="true" signature="intializeBrowser()[pri:0, instance:testScript.ManageNewsTest@368f2016]" started-at="2026-02-06T13:31:49 IST" name="intializeBrowser" finished-at="2026-02-06T13:31:52 IST" duration-ms="3058" status="PASS">
          <reporter-output>
          </reporter-output>
        </test-method> <!-- intializeBrowser -->
        <test-method signature="verifyUserIsAbleToSearchNews()[pri:0, instance:testScript.ManageNewsTest@368f2016]" started-at="2026-02-06T13:31:52 IST" name="verifyUserIsAbleToSearchNews" description="Validating Search Button from Manage News" finished-at="2026-02-06T13:31:55 IST" duration-ms="2212" status="PASS">
          <reporter-output>
          </reporter-output>
        </test-method> <!-- verifyUserIsAbleToSearchNews -->
        <test-method is-config="true" signature="driverQuit(org.testng.ITestResult)[pri:0, instance:testScript.ManageNewsTest@368f2016]" started-at="2026-02-06T13:31:55 IST" name="driverQuit" finished-at="2026-02-06T13:31:55 IST" duration-ms="2" status="PASS">
          <params>
            <param index="0">
              <value>
                <![CDATA[[TestResult name=verifyUserIsAbleToSearchNews status=SUCCESS method=ManageNewsTest.verifyUserIsAbleToSearchNews()[pri:0, instance:testScript.ManageNewsTest@368f2016] output={null}]]]>
              </value>
            </param>
          </params>
          <reporter-output>
          </reporter-output>
        </test-method> <!-- driverQuit -->
      </class> <!-- testScript.ManageNewsTest -->
    </test> <!-- Default test -->
  </suite> <!-- Default suite -->
</testng-results>
