<?xml version="1.0" encoding="UTF-8"?>
<testng-results ignored="0" total="1" passed="1" failed="0" skipped="0">
  <reporter-output>
  </reporter-output>
  <suite started-at="2026-02-19T14:43:40 IST" name="Suite" finished-at="2026-02-19T14:43:48 IST" duration-ms="7726">
    <groups>
    </groups>
    <test started-at="2026-02-19T14:43:40 IST" name="Test" finished-at="2026-02-19T14:43:48 IST" duration-ms="7726">
      <class name="testScript.AdminUsersTest">
        <test-method is-config="true" signature="intializeBrowser(java.lang.String)[pri:0, instance:testScript.AdminUsersTest@46d59067]" started-at="2026-02-19T14:43:41 IST" name="intializeBrowser" finished-at="2026-02-19T14:43:44 IST" duration-ms="3479" status="PASS">
          <params>
            <param index="0">
              <value>
                <![CDATA[chrome]]>
              </value>
            </param>
          </params>
          <reporter-output>
          </reporter-output>
        </test-method> <!-- intializeBrowser -->
        <test-method signature="verifyUserIsAbleToSearchUsers()[pri:0, instance:testScript.AdminUsersTest@46d59067]" started-at="2026-02-19T14:43:44 IST" name="verifyUserIsAbleToSearchUsers" description="Validating Search Users" finished-at="2026-02-19T14:43:48 IST" duration-ms="4184" status="PASS">
          <reporter-output>
          </reporter-output>
        </test-method> <!-- verifyUserIsAbleToSearchUsers -->
        <test-method is-config="true" signature="driverQuit(org.testng.ITestResult)[pri:0, instance:testScript.AdminUsersTest@46d59067]" started-at="2026-02-19T14:43:48 IST" name="driverQuit" finished-at="2026-02-19T14:43:48 IST" duration-ms="5" status="PASS">
          <params>
            <param index="0">
              <value>
                <![CDATA[[TestResult name=verifyUserIsAbleToSearchUsers status=SUCCESS method=AdminUsersTest.verifyUserIsAbleToSearchUsers()[pri:0, instance:testScript.AdminUsersTest@46d59067] output={null}]]]>
              </value>
            </param>
          </params>
          <reporter-output>
          </reporter-output>
        </test-method> <!-- driverQuit -->
      </class> <!-- testScript.AdminUsersTest -->
    </test> <!-- Test -->
  </suite> <!-- Suite -->
</testng-results>
