<?xml version="1.0" encoding="UTF-8"?>
<testng-results ignored="0" total="2" passed="2" failed="0" skipped="0">
  <reporter-output>
  </reporter-output>
  <suite started-at="2026-02-14T14:13:19 IST" name="parallel testing" finished-at="2026-02-14T14:13:34 IST" duration-ms="14791">
    <groups>
      <group name="smoke">
        <method signature="LoginTest.verifyUserLoginWithValidUsernameAndValidPassword()[pri:4, instance:testScript.LoginTest@70325e14]" name="verifyUserLoginWithValidUsernameAndValidPassword" class="testScript.LoginTest"/>
      </group> <!-- smoke -->
    </groups>
    <test started-at="2026-02-14T14:13:19 IST" name="Test1" finished-at="2026-02-14T14:13:25 IST" duration-ms="6242">
      <class name="testScript.HomeTest">
        <test-method is-config="true" signature="intializeBrowser(java.lang.String)[pri:0, instance:testScript.HomeTest@73a1e9a9]" started-at="2026-02-14T14:13:19 IST" name="intializeBrowser" finished-at="2026-02-14T14:13:23 IST" duration-ms="4082" status="PASS">
          <params>
            <param index="0">
              <value>
                <![CDATA[chrome]]>
              </value>
            </param>
          </params>
          <reporter-output>
          </reporter-output>
        </test-method> <!-- intializeBrowser -->
        <test-method signature="verifyUserIsAbleToSuccessfullyLogOut()[pri:0, instance:testScript.HomeTest@73a1e9a9]" started-at="2026-02-14T14:13:23 IST" name="verifyUserIsAbleToSuccessfullyLogOut" description="Validating Logout functionality from HomePage" finished-at="2026-02-14T14:13:25 IST" duration-ms="2094" status="PASS">
          <reporter-output>
          </reporter-output>
        </test-method> <!-- verifyUserIsAbleToSuccessfullyLogOut -->
        <test-method is-config="true" signature="driverQuit(org.testng.ITestResult)[pri:0, instance:testScript.HomeTest@73a1e9a9]" started-at="2026-02-14T14:13:25 IST" name="driverQuit" finished-at="2026-02-14T14:13:25 IST" duration-ms="0" status="PASS">
          <params>
            <param index="0">
              <value>
                <![CDATA[[TestResult name=verifyUserIsAbleToSuccessfullyLogOut status=SUCCESS method=HomeTest.verifyUserIsAbleToSuccessfullyLogOut()[pri:0, instance:testScript.HomeTest@73a1e9a9] output={null}]]]>
              </value>
            </param>
          </params>
          <reporter-output>
          </reporter-output>
        </test-method> <!-- driverQuit -->
      </class> <!-- testScript.HomeTest -->
    </test> <!-- Test1 -->
    <test started-at="2026-02-14T14:13:25 IST" name="Test2" finished-at="2026-02-14T14:13:34 IST" duration-ms="8505">
      <class name="testScript.LoginTest">
        <test-method is-config="true" signature="intializeBrowser(java.lang.String)[pri:0, instance:testScript.LoginTest@70325e14]" started-at="2026-02-14T14:13:25 IST" name="intializeBrowser" finished-at="2026-02-14T14:13:33 IST" duration-ms="7784" status="PASS">
          <params>
            <param index="0">
              <value>
                <![CDATA[firefox]]>
              </value>
            </param>
          </params>
          <reporter-output>
          </reporter-output>
        </test-method> <!-- intializeBrowser -->
        <test-method signature="verifyUserLoginWithValidUsernameAndValidPassword()[pri:4, instance:testScript.LoginTest@70325e14]" started-at="2026-02-14T14:13:33 IST" name="verifyUserLoginWithValidUsernameAndValidPassword" description="Validating UserLogin with Valid Cridential" finished-at="2026-02-14T14:13:34 IST" duration-ms="708" status="PASS">
          <reporter-output>
          </reporter-output>
        </test-method> <!-- verifyUserLoginWithValidUsernameAndValidPassword -->
        <test-method is-config="true" signature="driverQuit(org.testng.ITestResult)[pri:0, instance:testScript.LoginTest@70325e14]" started-at="2026-02-14T14:13:34 IST" name="driverQuit" finished-at="2026-02-14T14:13:34 IST" duration-ms="1" status="PASS">
          <params>
            <param index="0">
              <value>
                <![CDATA[[TestResult name=verifyUserLoginWithValidUsernameAndValidPassword status=SUCCESS method=LoginTest.verifyUserLoginWithValidUsernameAndValidPassword()[pri:4, instance:testScript.LoginTest@70325e14] output={null}]]]>
              </value>
            </param>
          </params>
          <reporter-output>
          </reporter-output>
        </test-method> <!-- driverQuit -->
      </class> <!-- testScript.LoginTest -->
    </test> <!-- Test2 -->
  </suite> <!-- parallel testing -->
</testng-results>
