<?xml version="1.0" encoding="UTF-8"?>
<!-- Generated by org.testng.reporters.JUnitXMLReporter -->
<testsuite ignored="2" hostname="Praveena" failures="0" tests="1" name="Test" time="7.726" errors="0" timestamp="2026-02-19T14:43:49 IST">
  <testcase classname="testScript.AdminUsersTest" name="verifyUserIsAbleToSearchUsers" time="4.184"/>
  <testcase classname="testScript.AdminUsersTest" name="verifyUserIsAbleToRefreshAdminUsersPage" time="0.0">
    <ignored/>
  </testcase> <!-- verifyUserIsAbleToRefreshAdminUsersPage -->
  <testcase classname="testScript.AdminUsersTest" name="verifyUserIsAbleToAddNewUsers" time="0.0">
    <ignored/>
  </testcase> <!-- verifyUserIsAbleToAddNewUsers -->
</testsuite> <!-- Test -->
