<?xml version="1.0" encoding="UTF-8"?>
<!-- Generated by org.testng.reporters.JUnitXMLReporter -->
<testsuite ignored="0" hostname="Praveena" failures="0" tests="4" name="Test" time="19.867" errors="0" timestamp="2026-02-17T12:36:29 IST">
  <testcase classname="testScript.ManageNewsTest" name="verifyUserIsAbleToAddNewNews" time="2.769">
    <skipped/>
  </testcase> <!-- verifyUserIsAbleToAddNewNews -->
  <testcase classname="testScript.ManageNewsTest" name="verifyUserIsAbleToAddNewNews" time="1.636"/>
  <testcase classname="testScript.ManageNewsTest" name="verifyUserIsAbleToResetNews" time="1.139"/>
  <testcase classname="testScript.ManageNewsTest" name="verifyUserIsAbleToSearchNews" time="3.093"/>
</testsuite> <!-- Test -->
