<?xml version="1.0" encoding="UTF-8"?>
<!-- Generated by org.testng.reporters.JUnitXMLReporter -->
<testsuite ignored="0" hostname="Praveena" failures="0" tests="9" name="Test" time="64.937" errors="0" timestamp="2026-02-04T23:48:25 IST">
  <testcase classname="testScript.LoginTest" name="verifyUserLoginWithInvalidUsernameAndInvalidPassword" time="2.347"/>
  <testcase classname="testScript.LoginTest" name="verifyUserLoginWithInvalidUsernameAndValidPassword" time="0.415"/>
  <testcase classname="testScript.LoginTest" name="verifyUserLoginWithValidUsernameAndInvalidPassword" time="0.535"/>
  <testcase classname="testScript.LoginTest" name="verifyUserLoginWithValidUsernameAndValidPassword" time="0.63"/>
  <testcase classname="testScript.HomeTest" name="verifyUserIsAbleToSuccessfullyLogOut" time="1.462"/>
  <testcase classname="testScript.HomeTest" name="verifyUserIsAbleToclickOnMoreInfoManageNews" time="5.278"/>
  <testcase classname="testScript.ManageNewsTest" name="verifyUserIsAbleToAddNewNews" time="2.797"/>
  <testcase classname="testScript.ManageNewsTest" name="verifyUserIsAbleToRefreshNews" time="3.53"/>
  <testcase classname="testScript.ManageNewsTest" name="verifyUserIsAbleToSearchNews" time="3.177"/>
</testsuite> <!-- Test -->
