<?xml version="1.0" encoding="UTF-8"?>
<!-- Generated by org.testng.reporters.JUnitReportReporter -->
<testsuite hostname="Praveena" failures="0" tests="3" name="testScript.AdminUsersTest" time="13.953" errors="0" timestamp="2026-02-17T12:35:39 IST" skipped="0">
  <testcase classname="testScript.AdminUsersTest" name="verifyUserIsAbleToAddNewUsers" time="6.269"/>
  <testcase classname="testScript.AdminUsersTest" name="verifyUserIsAbleToRefreshAdminUsersPage" time="3.742"/>
  <testcase classname="testScript.AdminUsersTest" name="verifyUserIsAbleToSearchUsers" time="3.942"/>
</testsuite> <!-- testScript.AdminUsersTest -->
