<?xml version="1.0" encoding="UTF-8"?>
<!-- Generated by org.testng.reporters.JUnitReportReporter -->
<testsuite hostname="Praveena" failures="0" tests="3" name="testScript.ManageNewsTest" time="13.669" errors="0" timestamp="2026-02-11T15:03:13 IST" skipped="0">
  <testcase classname="testScript.ManageNewsTest" name="verifyUserIsAbleToResetNews" time="4.334"/>
  <testcase classname="testScript.ManageNewsTest" name="verifyUserIsAbleToAddNewNews" time="5.367"/>
  <testcase classname="testScript.ManageNewsTest" name="verifyUserIsAbleToSearchNews" time="3.968"/>
</testsuite> <!-- testScript.ManageNewsTest -->
