<?xml version="1.0" encoding="UTF-8"?>
<!-- Generated by org.testng.reporters.JUnitReportReporter -->
<testsuite hostname="Praveena" failures="0" tests="4" name="testScript.ManageNewsTest" time="27.564" errors="0" timestamp="2026-02-12T10:51:14 IST" skipped="1">
  <testcase classname="testScript.ManageNewsTest" name="verifyUserIsAbleToResetNews" time="7.088"/>
  <testcase classname="testScript.ManageNewsTest" name="verifyUserIsAbleToSearchNews" time="8.531"/>
  <testcase classname="testScript.ManageNewsTest" name="verifyUserIsAbleToAddNewNews" time="4.944"/>
  <testcase classname="testScript.ManageNewsTest" name="verifyUserIsAbleToAddNewNews" time="7.001">
    <skipped/>
  </testcase> <!-- verifyUserIsAbleToAddNewNews -->
</testsuite> <!-- testScript.ManageNewsTest -->
