<?xml version="1.0" encoding="UTF-8"?>
<!-- Generated by org.testng.reporters.JUnitReportReporter -->
<testsuite hostname="Praveena" failures="0" tests="2" name="testScript.HomeTest" time="15.410" errors="0" timestamp="2026-02-04T23:48:26 IST" skipped="0">
  <testcase classname="testScript.HomeTest" name="verifyUserIsAbleToSuccessfullyLogOut" time="5.146"/>
  <testcase classname="testScript.HomeTest" name="verifyUserIsAbleToclickOnMoreInfoManageNews" time="10.264"/>
</testsuite> <!-- testScript.HomeTest -->
