<?xml version="1.0" encoding="UTF-8"?>
<!-- Generated by org.testng.reporters.JUnitReportReporter -->
<testsuite hostname="Praveena" failures="0" tests="4" name="testScript.ManageNewsTest" time="19.800" errors="0" timestamp="2026-02-17T12:36:29 IST" skipped="1">
  <testcase classname="testScript.ManageNewsTest" name="verifyUserIsAbleToAddNewNews" time="6.590">
    <skipped/>
  </testcase> <!-- verifyUserIsAbleToAddNewNews -->
  <testcase classname="testScript.ManageNewsTest" name="verifyUserIsAbleToAddNewNews" time="3.995"/>
  <testcase classname="testScript.ManageNewsTest" name="verifyUserIsAbleToResetNews" time="3.906"/>
  <testcase classname="testScript.ManageNewsTest" name="verifyUserIsAbleToSearchNews" time="5.309"/>
</testsuite> <!-- testScript.ManageNewsTest -->
