<?xml version="1.0" encoding="UTF-8"?>
<!-- Generated by org.testng.reporters.JUnitReportReporter -->
<testsuite hostname="Praveena" failures="0" tests="2" name="testScript.HomeTest" time="8.828" errors="0" timestamp="2026-02-11T15:15:05 IST" skipped="0">
  <testcase classname="testScript.HomeTest" name="verifyUserIsAbleToSuccessfullyLogOut" time="3.757"/>
  <testcase classname="testScript.HomeTest" name="verifyUserIsAbleToSuccessfullyLogOut" time="5.071"/>
</testsuite> <!-- testScript.HomeTest -->
