<?xml version="1.0" encoding="UTF-8"?>
<!-- Generated by org.testng.reporters.JUnitXMLReporter -->
<testsuite ignored="2" hostname="Praveena" failures="0" tests="3" name="Test" time="9.948" errors="0" timestamp="2026-02-17T10:51:20 IST">
  <testcase classname="testScript.LoginTest" name="verifyUserLoginWithInvalidUsernameAndInvalidPassword" time="0.419"/>
  <testcase classname="testScript.LoginTest" name="verifyUserLoginWithInvalidUsernameAndInvalidPassword" time="0.414"/>
  <testcase classname="testScript.LoginTest" name="verifyUserLoginWithValidUsernameAndValidPassword" time="1.672"/>
  <testcase classname="testScript.LoginTest" name="verifyUserLoginWithValidUsernameAndInvalidPassword" time="0.0">
    <ignored/>
  </testcase> <!-- verifyUserLoginWithValidUsernameAndInvalidPassword -->
  <testcase classname="testScript.LoginTest" name="verifyUserLoginWithInvalidUsernameAndValidPassword" time="0.0">
    <ignored/>
  </testcase> <!-- verifyUserLoginWithInvalidUsernameAndValidPassword -->
</testsuite> <!-- Test -->
