<?xml version="1.0" encoding="UTF-8"?>
<testng-results ignored="0" total="1" passed="1" failed="0" skipped="0">
  <reporter-output>
  </reporter-output>
  <suite started-at="2026-02-04T01:17:16 IST" name="Default suite" finished-at="2026-02-04T01:17:22 IST" duration-ms="5567">
    <groups>
    </groups>
    <test started-at="2026-02-04T01:17:16 IST" name="Default test" finished-at="2026-02-04T01:17:22 IST" duration-ms="5567">
      <class name="testScript.LoginTest">
        <test-method is-config="true" signature="intializeBrowser()[pri:0, instance:testScript.LoginTest@2a4fb17b]" started-at="2026-02-04T01:17:16 IST" name="intializeBrowser" finished-at="2026-02-04T01:17:19 IST" duration-ms="3272" status="PASS">
          <reporter-output>
          </reporter-output>
        </test-method> <!-- intializeBrowser -->
        <test-method signature="verifyUserLoginWithValidUsernameAndInvalidPassword()[pri:0, instance:testScript.LoginTest@2a4fb17b]" started-at="2026-02-04T01:17:19 IST" name="verifyUserLoginWithValidUsernameAndInvalidPassword" finished-at="2026-02-04T01:17:22 IST" duration-ms="2246" status="PASS">
          <reporter-output>
          </reporter-output>
        </test-method> <!-- verifyUserLoginWithValidUsernameAndInvalidPassword -->
      </class> <!-- testScript.LoginTest -->
    </test> <!-- Default test -->
  </suite> <!-- Default suite -->
</testng-results>
