<?xml version="1.0" encoding="UTF-8"?>
<!-- Generated by org.testng.reporters.JUnitXMLReporter -->
<testsuite ignored="2" hostname="Praveena" failures="0" tests="1" name="Default test" time="8.836" errors="0" timestamp="2026-02-06T10:59:26 IST">
  <testcase classname="testScript.AdminUsersTest" name="verifyUserIsAbleToSearchUsers" time="4.166"/>
  <testcase classname="testScript.AdminUsersTest" name="verifyUserIsAbleToAddNewUsers" time="0.0">
    <ignored/>
  </testcase> <!-- verifyUserIsAbleToAddNewUsers -->
  <testcase classname="testScript.AdminUsersTest" name="verifyUserIsAbleToRefreshAdminUsersPage" time="0.0">
    <ignored/>
  </testcase> <!-- verifyUserIsAbleToRefreshAdminUsersPage -->
</testsuite> <!-- Default test -->
