<?xml version="1.0" encoding="UTF-8"?>
<!-- Generated by org.testng.reporters.JUnitXMLReporter -->
<testsuite ignored="2" hostname="Praveena" failures="0" tests="1" name="Default test" time="8.6" errors="0" timestamp="2026-02-04T23:54:32 IST">
  <testcase classname="testScript.ManageNewsTest" name="verifyUserIsAbleToSearchNews" time="4.535"/>
  <testcase classname="testScript.ManageNewsTest" name="verifyUserIsAbleToAddNewNews" time="0.0">
    <ignored/>
  </testcase> <!-- verifyUserIsAbleToAddNewNews -->
  <testcase classname="testScript.ManageNewsTest" name="verifyUserIsAbleToRefreshNews" time="0.0">
    <ignored/>
  </testcase> <!-- verifyUserIsAbleToRefreshNews -->
</testsuite> <!-- Default test -->
